#
# There is insufficient memory for the Java Runtime Environment to continue.
# Native memory allocation (malloc) failed to allocate 632656 bytes for Chunk::new
# Possible reasons:
#   The system is out of physical RAM or swap space
#   The process is running with CompressedOops enabled, and the Java Heap may be blocking the growth of the native heap
# Possible solutions:
#   Reduce memory load on the system
#   Increase physical memory or swap space
#   Check if swap backing store is full
#   Decrease Java heap size (-Xmx/-Xms)
#   Decrease number of Java threads
#   Decrease Java thread stack sizes (-Xss)
#   Set larger code cache with -XX:ReservedCodeCacheSize=
#   JVM is running with Zero Based Compressed Oops mode in which the Java heap is
#     placed in the first 32GB address space. The Java Heap base address is the
#     maximum limit for the native heap growth. Please use -XX:HeapBaseMinAddress
#     to set the Java Heap base and to place the Java Heap above 32GB virtual address.
# This output file may be truncated or incomplete.
#
#  Out of Memory Error (allocation.cpp:390), pid=7944, tid=0x0000000000001740
#
# JRE version: Java(TM) SE Runtime Environment (8.0_201-b09) (build 1.8.0_201-b09)
# Java VM: Java HotSpot(TM) 64-Bit Server VM (25.201-b09 mixed mode windows-amd64 compressed oops)
# Failed to write core dump. Minidumps are not enabled by default on client versions of Windows
#

---------------  T H R E A D  ---------------

Current thread (0x000000001ecbc000):  JavaThread "C2 CompilerThread1" daemon [_thread_in_native, id=5952, stack(0x000000001f670000,0x000000001f770000)]

Stack: [0x000000001f670000,0x000000001f770000]
[error occurred during error reporting (printing stack bounds), id 0xc0000005]

Native frames: (J=compiled Java code, j=interpreted, Vv=VM code, C=native code)


Current CompileTask:
C2:  11668 6484       4       net.minecraftforge.srg2source.util.Util::remapSig (174 bytes)


---------------  P R O C E S S  ---------------

Java Threads: ( => current thread )
  0x000000001ed19000 JavaThread "Keep-Alive-Timer" daemon [_thread_blocked, id=14672, stack(0x00000000284c0000,0x00000000285c0000)]
  0x000000001ed16000 JavaThread "File lock request listener" [_thread_in_native, id=4452, stack(0x00000000249b0000,0x0000000024ab0000)]
  0x0000000020f37000 JavaThread "Stdin handler" [_thread_blocked, id=18168, stack(0x0000000021f10000,0x0000000022010000)]
  0x0000000021008000 JavaThread "Asynchronous log dispatcher for org.gradle.launcher.daemon.server.DefaultDaemonConnection@284de089" [_thread_blocked, id=9716, stack(0x0000000021d10000,0x0000000021e10000)]
  0x0000000020b6e000 JavaThread "Daemon worker" [_thread_in_Java, id=15200, stack(0x0000000021c10000,0x0000000021d10000)]
  0x0000000020b7a000 JavaThread "Cancel handler" [_thread_blocked, id=17044, stack(0x0000000021b10000,0x0000000021c10000)]
  0x0000000020a86000 JavaThread "Handler for socket connection from /127.0.0.1:61378 to /127.0.0.1:61379" [_thread_in_native, id=8008, stack(0x0000000021a10000,0x0000000021b10000)]
  0x0000000020a85800 JavaThread "Daemon" [_thread_blocked, id=17376, stack(0x0000000021910000,0x0000000021a10000)]
  0x0000000020bbb000 JavaThread "Incoming local TCP Connector on port 61378" [_thread_in_native, id=16344, stack(0x00000000214d0000,0x00000000215d0000)]
  0x0000000020b7f800 JavaThread "pool-1-thread-1" [_thread_blocked, id=9404, stack(0x0000000021340000,0x0000000021440000)]
  0x000000001edab800 JavaThread "Service Thread" daemon [_thread_blocked, id=17080, stack(0x000000001f970000,0x000000001fa70000)]
  0x000000001ed17800 JavaThread "C1 CompilerThread3" daemon [_thread_blocked, id=8540, stack(0x000000001f870000,0x000000001f970000)]
  0x000000001ed1b000 JavaThread "C2 CompilerThread2" daemon [_thread_in_native, id=17364, stack(0x000000001f770000,0x000000001f870000)]
=>0x000000001ecbc000 JavaThread "C2 CompilerThread1" daemon [_thread_in_native, id=5952, stack(0x000000001f670000,0x000000001f770000)]
  0x000000001ecb7000 JavaThread "C2 CompilerThread0" daemon [_thread_in_native, id=16228, stack(0x000000001f570000,0x000000001f670000)]
  0x000000001ecb4800 JavaThread "Attach Listener" daemon [_thread_blocked, id=2472, stack(0x000000001f470000,0x000000001f570000)]
  0x000000001ed13000 JavaThread "Signal Dispatcher" daemon [_thread_blocked, id=9544, stack(0x000000001f370000,0x000000001f470000)]
  0x00000000032bd800 JavaThread "Finalizer" daemon [_thread_blocked, id=14656, stack(0x000000001f180000,0x000000001f280000)]
  0x000000001eca0800 JavaThread "Reference Handler" daemon [_thread_blocked, id=5476, stack(0x000000001f080000,0x000000001f180000)]
  0x000000000336e800 JavaThread "main" [_thread_blocked, id=1572, stack(0x0000000002d20000,0x0000000002e20000)]

Other Threads:
  0x000000001ce8a000 VMThread [stack: 0x000000001eb80000,0x000000001ec80000] [id=14204]
  0x000000001edd8000 WatcherThread [stack: 0x000000001fa70000,0x000000001fb70000] [id=5716]

VM state:not at safepoint (normal execution)

VM Mutex/Monitor currently owned by a thread: None

heap address: 0x00000006c0000000, size: 4096 MB, Compressed Oops mode: Zero based, Oop shift amount: 3
Narrow klass base: 0x0000000000000000, Narrow klass shift: 3
Compressed class space size: 1073741824 Address: 0x00000007c0000000

Heap:
 PSYoungGen      total 158720K, used 86962K [0x000000076ab00000, 0x0000000775400000, 0x00000007c0000000)
  eden space 146432K, 59% used [0x000000076ab00000,0x000000076ffec8e0,0x0000000773a00000)
  from space 12288K, 0% used [0x0000000774580000,0x0000000774580000,0x0000000775180000)
  to   space 11776K, 0% used [0x0000000773a00000,0x0000000773a00000,0x0000000774580000)
 ParOldGen       total 91136K, used 90995K [0x00000006c0000000, 0x00000006c5900000, 0x000000076ab00000)
  object space 91136K, 99% used [0x00000006c0000000,0x00000006c58dcf58,0x00000006c5900000)
 Metaspace       used 56324K, capacity 57114K, committed 57512K, reserved 1099776K
  class space    used 7229K, capacity 7520K, committed 7600K, reserved 1048576K

Card table byte_map: [0x0000000012730000,0x0000000012f40000] byte_map_base: 0x000000000f130000

Marking Bits: (ParMarkBitMap*) 0x0000000058484ce0
 Begin Bits: [0x0000000013ca0000, 0x0000000017ca0000)
 End Bits:   [0x0000000017ca0000, 0x000000001bca0000)

Polling page: 0x00000000013d0000

CodeCache: size=245760Kb used=20852Kb max_used=20852Kb free=224907Kb
 bounds [0x0000000003370000, 0x00000000047f0000, 0x0000000012370000]
 total_blobs=6467 nmethods=5694 adapters=684
 compilation: enabled

Compilation events (10 events):
Event: 11.637 Thread 0x000000001ed17800 6491       3       java.util.TimSort::gallopLeft (335 bytes)
Event: 11.638 Thread 0x000000001ed17800 nmethod 6491 0x00000000047bfad0 code [0x00000000047bfcc0, 0x00000000047c0798]
Event: 11.638 Thread 0x000000001ed17800 6493       3       java.util.TimSort::mergeCollapse (101 bytes)
Event: 11.638 Thread 0x000000001ed17800 nmethod 6493 0x00000000047c5a50 code [0x00000000047c5be0, 0x00000000047c6018]
Event: 11.638 Thread 0x000000001ed17800 6494       3       java.util.TimSort::mergeHi (732 bytes)
Event: 11.640 Thread 0x000000001ed17800 nmethod 6494 0x00000000047bc6d0 code [0x00000000047bca00, 0x00000000047bec78]
Event: 11.640 Thread 0x000000001ed17800 6492       3       java.util.TimSort::mergeAt (358 bytes)
Event: 11.640 Thread 0x000000001ed17800 nmethod 6492 0x00000000047e1b50 code [0x00000000047e1d20, 0x00000000047e22f8]
Event: 11.640 Thread 0x000000001ed17800 6495       3       java.util.TimSort::ensureCapacity (107 bytes)
Event: 11.641 Thread 0x000000001ed17800 nmethod 6495 0x00000000047e2750 code [0x00000000047e28e0, 0x00000000047e2ed8]

GC Heap History (10 events):
Event: 9.675 GC heap before
{Heap before GC invocations=14 (full 2):
 PSYoungGen      total 158208K, used 150312K [0x000000076ab00000, 0x0000000775400000, 0x00000007c0000000)
  eden space 146432K, 100% used [0x000000076ab00000,0x0000000773a00000,0x0000000773a00000)
  from space 11776K, 32% used [0x0000000773a00000,0x0000000773dca218,0x0000000774580000)
  to   space 12288K, 0% used [0x0000000774580000,0x0000000774580000,0x0000000775180000)
 ParOldGen       total 91136K, used 50549K [0x00000006c0000000, 0x00000006c5900000, 0x000000076ab00000)
  object space 91136K, 55% used [0x00000006c0000000,0x00000006c315d758,0x00000006c5900000)
 Metaspace       used 48220K, capacity 49036K, committed 49448K, reserved 1091584K
  class space    used 6545K, capacity 6850K, committed 6960K, reserved 1048576K
Event: 9.682 GC heap after
Heap after GC invocations=14 (full 2):
 PSYoungGen      total 158720K, used 10498K [0x000000076ab00000, 0x0000000775400000, 0x00000007c0000000)
  eden space 146432K, 0% used [0x000000076ab00000,0x000000076ab00000,0x0000000773a00000)
  from space 12288K, 85% used [0x0000000774580000,0x0000000774fc0ac0,0x0000000775180000)
  to   space 11776K, 0% used [0x0000000773a00000,0x0000000773a00000,0x0000000774580000)
 ParOldGen       total 91136K, used 50589K [0x00000006c0000000, 0x00000006c5900000, 0x000000076ab00000)
  object space 91136K, 55% used [0x00000006c0000000,0x00000006c3167758,0x00000006c5900000)
 Metaspace       used 48220K, capacity 49036K, committed 49448K, reserved 1091584K
  class space    used 6545K, capacity 6850K, committed 6960K, reserved 1048576K
}
Event: 10.783 GC heap before
{Heap before GC invocations=15 (full 2):
 PSYoungGen      total 158720K, used 156930K [0x000000076ab00000, 0x0000000775400000, 0x00000007c0000000)
  eden space 146432K, 100% used [0x000000076ab00000,0x0000000773a00000,0x0000000773a00000)
  from space 12288K, 85% used [0x0000000774580000,0x0000000774fc0ac0,0x0000000775180000)
  to   space 11776K, 0% used [0x0000000773a00000,0x0000000773a00000,0x0000000774580000)
 ParOldGen       total 91136K, used 50589K [0x00000006c0000000, 0x00000006c5900000, 0x000000076ab00000)
  object space 91136K, 55% used [0x00000006c0000000,0x00000006c3167758,0x00000006c5900000)
 Metaspace       used 56119K, capacity 56908K, committed 57256K, reserved 1099776K
  class space    used 7212K, capacity 7490K, committed 7600K, reserved 1048576K
Event: 10.787 GC heap after
Heap after GC invocations=15 (full 2):
 PSYoungGen      total 158208K, used 8971K [0x000000076ab00000, 0x0000000775400000, 0x00000007c0000000)
  eden space 146432K, 0% used [0x000000076ab00000,0x000000076ab00000,0x0000000773a00000)
  from space 11776K, 76% used [0x0000000773a00000,0x00000007742c2f70,0x0000000774580000)
  to   space 12288K, 0% used [0x0000000774580000,0x0000000774580000,0x0000000775180000)
 ParOldGen       total 91136K, used 50677K [0x00000006c0000000, 0x00000006c5900000, 0x000000076ab00000)
  object space 91136K, 55% used [0x00000006c0000000,0x00000006c317d758,0x00000006c5900000)
 Metaspace       used 56119K, capacity 56908K, committed 57256K, reserved 1099776K
  class space    used 7212K, capacity 7490K, committed 7600K, reserved 1048576K
}
Event: 10.983 GC heap before
{Heap before GC invocations=16 (full 2):
 PSYoungGen      total 158208K, used 155403K [0x000000076ab00000, 0x0000000775400000, 0x00000007c0000000)
  eden space 146432K, 100% used [0x000000076ab00000,0x0000000773a00000,0x0000000773a00000)
  from space 11776K, 76% used [0x0000000773a00000,0x00000007742c2f70,0x0000000774580000)
  to   space 12288K, 0% used [0x0000000774580000,0x0000000774580000,0x0000000775180000)
 ParOldGen       total 91136K, used 50677K [0x00000006c0000000, 0x00000006c5900000, 0x000000076ab00000)
  object space 91136K, 55% used [0x00000006c0000000,0x00000006c317d758,0x00000006c5900000)
 Metaspace       used 56271K, capacity 57068K, committed 57512K, reserved 1099776K
  class space    used 7225K, capacity 7522K, committed 7600K, reserved 1048576K
Event: 11.004 GC heap after
Heap after GC invocations=16 (full 2):
 PSYoungGen      total 158720K, used 12256K [0x000000076ab00000, 0x0000000775400000, 0x00000007c0000000)
  eden space 146432K, 0% used [0x000000076ab00000,0x000000076ab00000,0x0000000773a00000)
  from space 12288K, 99% used [0x0000000774580000,0x0000000775178050,0x0000000775180000)
  to   space 11776K, 0% used [0x0000000773a00000,0x0000000773a00000,0x0000000774580000)
 ParOldGen       total 91136K, used 74558K [0x00000006c0000000, 0x00000006c5900000, 0x000000076ab00000)
  object space 91136K, 81% used [0x00000006c0000000,0x00000006c48cf988,0x00000006c5900000)
 Metaspace       used 56271K, capacity 57068K, committed 57512K, reserved 1099776K
  class space    used 7225K, capacity 7522K, committed 7600K, reserved 1048576K
}
Event: 11.004 GC heap before
{Heap before GC invocations=17 (full 3):
 PSYoungGen      total 158720K, used 12256K [0x000000076ab00000, 0x0000000775400000, 0x00000007c0000000)
  eden space 146432K, 0% used [0x000000076ab00000,0x000000076ab00000,0x0000000773a00000)
  from space 12288K, 99% used [0x0000000774580000,0x0000000775178050,0x0000000775180000)
  to   space 11776K, 0% used [0x0000000773a00000,0x0000000773a00000,0x0000000774580000)
 ParOldGen       total 91136K, used 74558K [0x00000006c0000000, 0x00000006c5900000, 0x000000076ab00000)
  object space 91136K, 81% used [0x00000006c0000000,0x00000006c48cf988,0x00000006c5900000)
 Metaspace       used 56271K, capacity 57068K, committed 57512K, reserved 1099776K
  class space    used 7225K, capacity 7522K, committed 7600K, reserved 1048576K
Event: 11.231 GC heap after
Heap after GC invocations=17 (full 3):
 PSYoungGen      total 158720K, used 0K [0x000000076ab00000, 0x0000000775400000, 0x00000007c0000000)
  eden space 146432K, 0% used [0x000000076ab00000,0x000000076ab00000,0x0000000773a00000)
  from space 12288K, 0% used [0x0000000774580000,0x0000000774580000,0x0000000775180000)
  to   space 11776K, 0% used [0x0000000773a00000,0x0000000773a00000,0x0000000774580000)
 ParOldGen       total 91136K, used 75519K [0x00000006c0000000, 0x00000006c5900000, 0x000000076ab00000)
  object space 91136K, 82% used [0x00000006c0000000,0x00000006c49bfd60,0x00000006c5900000)
 Metaspace       used 56256K, capacity 57050K, committed 57512K, reserved 1099776K
  class space    used 7223K, capacity 7520K, committed 7600K, reserved 1048576K
}
Event: 11.394 GC heap before
{Heap before GC invocations=18 (full 4):
 PSYoungGen      total 158720K, used 146432K [0x000000076ab00000, 0x0000000775400000, 0x00000007c0000000)
  eden space 146432K, 100% used [0x000000076ab00000,0x0000000773a00000,0x0000000773a00000)
  from space 12288K, 0% used [0x0000000774580000,0x0000000774580000,0x0000000775180000)
  to   space 11776K, 0% used [0x0000000773a00000,0x0000000773a00000,0x0000000774580000)
 ParOldGen       total 91136K, used 75519K [0x00000006c0000000, 0x00000006c5900000, 0x000000076ab00000)
  object space 91136K, 82% used [0x00000006c0000000,0x00000006c49bfd60,0x00000006c5900000)
 Metaspace       used 56312K, capacity 57114K, committed 57512K, reserved 1099776K
  class space    used 7228K, capacity 7520K, committed 7600K, reserved 1048576K
Event: 11.592 GC heap after
Heap after GC invocations=18 (full 4):
 PSYoungGen      total 158720K, used 17386K [0x000000076ab00000, 0x0000000775400000, 0x00000007c0000000)
  eden space 146432K, 11% used [0x000000076ab00000,0x000000076bbfab38,0x0000000773a00000)
  from space 12288K, 0% used [0x0000000774580000,0x0000000774580000,0x0000000775180000)
  to   space 11776K, 0% used [0x0000000773a00000,0x0000000773a00000,0x0000000774580000)
 ParOldGen       total 91136K, used 90995K [0x00000006c0000000, 0x00000006c5900000, 0x000000076ab00000)
  object space 91136K, 99% used [0x00000006c0000000,0x00000006c58dcf58,0x00000006c5900000)
 Metaspace       used 56312K, capacity 57114K, committed 57512K, reserved 1099776K
  class space    used 7228K, capacity 7520K, committed 7600K, reserved 1048576K
}

Deoptimization events (10 events):
Event: 10.764 Thread 0x0000000020b6e000 Uncommon trap: reason=unstable_if action=reinterpret pc=0x00000000042f1c88 method=java.util.Hashtable$Enumerator.nextElement()Ljava/lang/Object; @ 87
Event: 10.767 Thread 0x0000000020b6e000 Uncommon trap: reason=class_check action=maybe_recompile pc=0x0000000003e9cac0 method=java.util.concurrent.ConcurrentHashMap.putVal(Ljava/lang/Object;Ljava/lang/Object;Z)Ljava/lang/Object; @ 192
Event: 10.841 Thread 0x0000000020b6e000 Uncommon trap: reason=predicate action=maybe_recompile pc=0x00000000036f415c method=sun.nio.cs.ext.DoubleByte$Encoder.encodeArrayLoop(Ljava/nio/CharBuffer;Ljava/nio/ByteBuffer;)Ljava/nio/charset/CoderResult; @ 62
Event: 11.241 Thread 0x0000000020b6e000 Uncommon trap: reason=unstable_if action=reinterpret pc=0x0000000003d55b40 method=com.google.common.io.LineReader.readLine()Ljava/lang/String; @ 63
Event: 11.291 Thread 0x0000000020b6e000 Uncommon trap: reason=bimorphic action=maybe_recompile pc=0x00000000035158b4 method=java.util.regex.Matcher.search(I)Z @ 86
Event: 11.291 Thread 0x0000000020b6e000 Uncommon trap: reason=bimorphic action=maybe_recompile pc=0x00000000035158b4 method=java.util.regex.Matcher.search(I)Z @ 86
Event: 11.291 Thread 0x0000000020b6e000 Uncommon trap: reason=bimorphic action=maybe_recompile pc=0x00000000035158b4 method=java.util.regex.Matcher.search(I)Z @ 86
Event: 11.291 Thread 0x0000000020b6e000 Uncommon trap: reason=bimorphic action=maybe_recompile pc=0x00000000035158b4 method=java.util.regex.Matcher.search(I)Z @ 86
Event: 11.354 Thread 0x0000000020b6e000 Uncommon trap: reason=unstable_if action=reinterpret pc=0x000000000356ef94 method=com.google.common.collect.HashBiMap.seekByKey(Ljava/lang/Object;I)Lcom/google/common/collect/HashBiMap$BiEntry; @ 21
Event: 11.355 Thread 0x0000000020b6e000 Uncommon trap: reason=unstable_if action=reinterpret pc=0x0000000003af5414 method=com.google.common.collect.HashBiMap.seekByValue(Ljava/lang/Object;I)Lcom/google/common/collect/HashBiMap$BiEntry; @ 21

Classes redefined (0 events):
No events

Internal exceptions (10 events):
Event: 10.756 Thread 0x0000000020b6e000 Exception <a 'java/lang/ArrayIndexOutOfBoundsException'> (0x00000007730b6c48) thrown at [C:\re\workspace\8-2-build-windows-amd64-cygwin\jdk8u201\12322\hotspot\src\share\vm\runtime\sharedRuntime.cpp, line 605]
Event: 10.757 Thread 0x0000000020b6e000 Exception <a 'java/lang/ArrayIndexOutOfBoundsException'> (0x00000007730d48f8) thrown at [C:\re\workspace\8-2-build-windows-amd64-cygwin\jdk8u201\12322\hotspot\src\share\vm\runtime\sharedRuntime.cpp, line 605]
Event: 10.758 Thread 0x0000000020b6e000 Exception <a 'java/lang/ArrayIndexOutOfBoundsException'> (0x00000007730ef418) thrown at [C:\re\workspace\8-2-build-windows-amd64-cygwin\jdk8u201\12322\hotspot\src\share\vm\runtime\sharedRuntime.cpp, line 605]
Event: 10.758 Thread 0x0000000020b6e000 Exception <a 'java/lang/ArrayIndexOutOfBoundsException'> (0x0000000773108848) thrown at [C:\re\workspace\8-2-build-windows-amd64-cygwin\jdk8u201\12322\hotspot\src\share\vm\runtime\sharedRuntime.cpp, line 605]
Event: 10.760 Thread 0x0000000020b6e000 Exception <a 'java/lang/ArrayIndexOutOfBoundsException'> (0x00000007731337a0) thrown at [C:\re\workspace\8-2-build-windows-amd64-cygwin\jdk8u201\12322\hotspot\src\share\vm\runtime\sharedRuntime.cpp, line 605]
Event: 10.773 Thread 0x0000000020b6e000 Exception <a 'java/io/FileNotFoundException'> (0x0000000773261d10) thrown at [C:\re\workspace\8-2-build-windows-amd64-cygwin\jdk8u201\12322\hotspot\src\share\vm\prims\jni.cpp, line 709]
Event: 10.775 Thread 0x0000000020b6e000 Exception <a 'java/lang/ArrayIndexOutOfBoundsException'> (0x0000000773284ae0) thrown at [C:\re\workspace\8-2-build-windows-amd64-cygwin\jdk8u201\12322\hotspot\src\share\vm\runtime\sharedRuntime.cpp, line 605]
Event: 10.824 Thread 0x0000000020b6e000 Exception <a 'java/lang/ArrayIndexOutOfBoundsException'> (0x000000076cc6a618) thrown at [C:\re\workspace\8-2-build-windows-amd64-cygwin\jdk8u201\12322\hotspot\src\share\vm\runtime\sharedRuntime.cpp, line 605]
Event: 10.824 Thread 0x0000000020b6e000 Exception <a 'java/lang/ArrayIndexOutOfBoundsException'> (0x000000076cc85138) thrown at [C:\re\workspace\8-2-build-windows-amd64-cygwin\jdk8u201\12322\hotspot\src\share\vm\runtime\sharedRuntime.cpp, line 605]
Event: 10.825 Thread 0x0000000020b6e000 Exception <a 'java/lang/ArrayIndexOutOfBoundsException'> (0x000000076cc9e568) thrown at [C:\re\workspace\8-2-build-windows-amd64-cygwin\jdk8u201\12322\hotspot\src\share\vm\runtime\sharedRuntime.cpp, line 605]

Events (10 events):
Event: 11.592 Executing VM operation: RevokeBias
Event: 11.593 Executing VM operation: RevokeBias done
Event: 11.593 Executing VM operation: RevokeBias
Event: 11.593 Executing VM operation: RevokeBias done
Event: 11.593 Executing VM operation: RevokeBias
Event: 11.593 Executing VM operation: RevokeBias done
Event: 11.593 Executing VM operation: RevokeBias
Event: 11.593 Executing VM operation: RevokeBias done
Event: 11.633 loading class net/minecraftforge/srg2source/rangeapplier/RangeApplier$1
Event: 11.633 loading class net/minecraftforge/srg2source/rangeapplier/RangeApplier$1 done


Dynamic libraries:
0x00007ff6bb210000 - 0x00007ff6bb247000 	C:\Program Files\Java\jdk1.8.0_201\bin\java.exe
0x00007fffa9870000 - 0x00007fffa9a51000 	C:\WINDOWS\SYSTEM32\ntdll.dll
0x00007fffa6d70000 - 0x00007fffa6e22000 	C:\WINDOWS\System32\KERNEL32.DLL
0x00007fffa6060000 - 0x00007fffa62d3000 	C:\WINDOWS\System32\KERNELBASE.dll
0x00007fffa7170000 - 0x00007fffa7211000 	C:\WINDOWS\System32\ADVAPI32.dll
0x00007fffa7b60000 - 0x00007fffa7bfe000 	C:\WINDOWS\System32\msvcrt.dll
0x00007fffa8090000 - 0x00007fffa80eb000 	C:\WINDOWS\System32\sechost.dll
0x00007fffa7cd0000 - 0x00007fffa7df4000 	C:\WINDOWS\System32\RPCRT4.dll
0x00007fffa7f00000 - 0x00007fffa8090000 	C:\WINDOWS\System32\USER32.dll
0x00007fffa62e0000 - 0x00007fffa6300000 	C:\WINDOWS\System32\win32u.dll
0x00007fffa9800000 - 0x00007fffa9828000 	C:\WINDOWS\System32\GDI32.dll
0x00007fffa6b60000 - 0x00007fffa6cf2000 	C:\WINDOWS\System32\gdi32full.dll
0x00007fffa5f40000 - 0x00007fffa5fdf000 	C:\WINDOWS\System32\msvcp_win.dll
0x00007fffa6350000 - 0x00007fffa644a000 	C:\WINDOWS\System32\ucrtbase.dll
0x00007fff93bb0000 - 0x00007fff93e19000 	C:\WINDOWS\WinSxS\amd64_microsoft.windows.common-controls_6595b64144ccf1df_6.0.17134.590_none_fb3d9bff3069e088\COMCTL32.dll
0x00007fffa6e40000 - 0x00007fffa7162000 	C:\WINDOWS\System32\combase.dll
0x00007fffa5fe0000 - 0x00007fffa605a000 	C:\WINDOWS\System32\bcryptPrimitives.dll
0x00007fffa7e70000 - 0x00007fffa7e9d000 	C:\WINDOWS\System32\IMM32.DLL
0x0000000058510000 - 0x00000000585e1000 	C:\Program Files\Java\jdk1.8.0_201\jre\bin\msvcr100.dll
0x0000000057c60000 - 0x0000000058504000 	C:\Program Files\Java\jdk1.8.0_201\jre\bin\server\jvm.dll
0x00007fffa6d00000 - 0x00007fffa6d08000 	C:\WINDOWS\System32\PSAPI.DLL
0x00007fffa4380000 - 0x00007fffa4389000 	C:\WINDOWS\SYSTEM32\WSOCK32.dll
0x00007fffa42d0000 - 0x00007fffa42da000 	C:\WINDOWS\SYSTEM32\VERSION.dll
0x00007fffa2eb0000 - 0x00007fffa2ed3000 	C:\WINDOWS\SYSTEM32\WINMM.dll
0x00007fffa7e00000 - 0x00007fffa7e6c000 	C:\WINDOWS\System32\WS2_32.dll
0x00007fffa2b40000 - 0x00007fffa2b6a000 	C:\WINDOWS\SYSTEM32\winmmbase.dll
0x00007fffa6300000 - 0x00007fffa6349000 	C:\WINDOWS\System32\cfgmgr32.dll
0x00007fff8d210000 - 0x00007fff8d21f000 	C:\Program Files\Java\jdk1.8.0_201\jre\bin\verify.dll
0x00007fff88ce0000 - 0x00007fff88d09000 	C:\Program Files\Java\jdk1.8.0_201\jre\bin\java.dll
0x00007fff88c20000 - 0x00007fff88c36000 	C:\Program Files\Java\jdk1.8.0_201\jre\bin\zip.dll
0x00007fffa80f0000 - 0x00007fffa9530000 	C:\WINDOWS\System32\SHELL32.dll
0x00007fffa7c20000 - 0x00007fffa7cc9000 	C:\WINDOWS\System32\shcore.dll
0x00007fffa6450000 - 0x00007fffa6b5d000 	C:\WINDOWS\System32\windows.storage.dll
0x00007fffa7b00000 - 0x00007fffa7b51000 	C:\WINDOWS\System32\shlwapi.dll
0x00007fffa5bd0000 - 0x00007fffa5be1000 	C:\WINDOWS\System32\kernel.appcore.dll
0x00007fffa5b90000 - 0x00007fffa5baf000 	C:\WINDOWS\System32\profapi.dll
0x00007fffa5bf0000 - 0x00007fffa5c3c000 	C:\WINDOWS\System32\powrprof.dll
0x00007fffa5b80000 - 0x00007fffa5b8a000 	C:\WINDOWS\System32\FLTLIB.DLL
0x00007fff88850000 - 0x00007fff8886a000 	C:\Program Files\Java\jdk1.8.0_201\jre\bin\net.dll
0x00007fff94440000 - 0x00007fff94609000 	C:\WINDOWS\SYSTEM32\urlmon.dll
0x00007fff94c00000 - 0x00007fff94ea5000 	C:\WINDOWS\SYSTEM32\iertutil.dll
0x00007fffa55d0000 - 0x00007fffa55db000 	C:\WINDOWS\SYSTEM32\CRYPTBASE.DLL
0x00007fffa5400000 - 0x00007fffa5466000 	C:\WINDOWS\system32\mswsock.dll
0x00007fff88830000 - 0x00007fff88841000 	C:\Program Files\Java\jdk1.8.0_201\jre\bin\nio.dll
0x00007fff88750000 - 0x00007fff88762000 	C:\Users\docbo\.gradle\native\19\windows-amd64\native-platform.dll
0x00007fffa55b0000 - 0x00007fffa55c7000 	C:\WINDOWS\SYSTEM32\CRYPTSP.dll
0x00007fffa4fe0000 - 0x00007fffa5013000 	C:\WINDOWS\system32\rsaenh.dll
0x00007fffa56e0000 - 0x00007fffa5705000 	C:\WINDOWS\SYSTEM32\bcrypt.dll
0x00007fffa5ab0000 - 0x00007fffa5ad8000 	C:\WINDOWS\SYSTEM32\USERENV.dll
0x00007fffa5180000 - 0x00007fffa51b8000 	C:\WINDOWS\SYSTEM32\IPHLPAPI.DLL
0x00007fffa9830000 - 0x00007fffa9838000 	C:\WINDOWS\System32\NSI.dll
0x00007fff9a940000 - 0x00007fff9a956000 	C:\WINDOWS\SYSTEM32\dhcpcsvc6.DLL
0x00007fff9d180000 - 0x00007fff9d19a000 	C:\WINDOWS\SYSTEM32\dhcpcsvc.DLL
0x00007fff8d200000 - 0x00007fff8d20d000 	C:\Program Files\Java\jdk1.8.0_201\jre\bin\management.dll
0x00007fff88720000 - 0x00007fff88744000 	C:\Program Files\Java\jdk1.8.0_201\jre\bin\sunec.dll
0x00007fff8c6a0000 - 0x00007fff8c6ab000 	C:\Program Files\Java\jdk1.8.0_201\jre\bin\sunmscapi.dll
0x00007fffa5d50000 - 0x00007fffa5f32000 	C:\WINDOWS\System32\CRYPT32.dll
0x00007fffa5bb0000 - 0x00007fffa5bc2000 	C:\WINDOWS\System32\MSASN1.dll
0x00007fffa51c0000 - 0x00007fffa527e000 	C:\WINDOWS\SYSTEM32\DNSAPI.dll
0x00007fff94760000 - 0x00007fff9476a000 	C:\Windows\System32\rasadhlp.dll
0x00007fff941a0000 - 0x00007fff94212000 	C:\WINDOWS\System32\fwpuclnt.dll

VM Arguments:
jvm_args: -Xmx4G -Dfile.encoding=GBK -Duser.country=GB -Duser.language=en -Duser.variant 
java_command: org.gradle.launcher.daemon.bootstrap.GradleDaemon 2.14
java_class_path (initial): C:\Users\docbo\.gradle\wrapper\dists\gradle-2.14-bin\76oc0mnc3ieqtsukq90mp0rxk\gradle-2.14\lib\gradle-launcher-2.14.jar
Launcher Type: SUN_STANDARD

Environment Variables:
JAVA_HOME=C:\Program Files\Java\jdk1.8.0_201\
CLASSPATH=E:\Eclipse Workspaces\Minecraft\forge-1.12.2-14.23.5.2768-mdk\\gradle\wrapper\gradle-wrapper.jar
PATH=C:\Program Files (x86)\Common Files\Oracle\Java\javapath;C:\Program Files (x86)\Intel\Intel(R) Management Engine Components\iCLS\;C:\Program Files\Intel\Intel(R) Management Engine Components\iCLS\;C:\Windows\system32;C:\Windows;C:\Windows\System32\Wbem;C:\Windows\System32\WindowsPowerShell\v1.0\;C:\Program Files (x86)\Intel\Intel(R) Management Engine Components\DAL;C:\Program Files\Intel\Intel(R) Management Engine Components\DAL;C:\Program Files (x86)\Intel\Intel(R) Management Engine Components\IPT;C:\Program Files\Intel\Intel(R) Management Engine Components\IPT;C:\Program Files (x86)\NVIDIA Corporation\PhysX\Common;C:\WINDOWS\system32;C:\WINDOWS;C:\WINDOWS\System32\Wbem;C:\WINDOWS\System32\WindowsPowerShell\v1.0\;C:\WINDOWS\System32\OpenSSH\;C:\Users\docbo\AppData\Local\Microsoft\WindowsApps;C:\Users\docbo\AppData\Local\GitHubDesktop\bin;%USERPROFILE%\AppData\Local\Microsoft\WindowsApps;
USERNAME=docbo
OS=Windows_NT
PROCESSOR_IDENTIFIER=Intel64 Family 6 Model 158 Stepping 10, GenuineIntel



---------------  S Y S T E M  ---------------

OS: Windows 10.0 , 64 bit Build 17134 (10.0.17134.556)

CPU:total 8 (initial active 8) (4 cores per cpu, 2 threads per core) family 6 model 158 stepping 10, cmov, cx8, fxsr, mmx, sse, sse2, sse3, ssse3, sse4.1, sse4.2, popcnt, avx, avx2, aes, clmul, erms, 3dnowpref, lzcnt, ht, tsc, tscinvbit, bmi1, bmi2, adx

Memory: 4k page, physical 8259892k(2165960k free), swap 10307892k(7840k free)

vm_info: Java HotSpot(TM) 64-Bit Server VM (25.201-b09) for windows-amd64 JRE (1.8.0_201-b09), built on Dec 15 2018 18:36:39 by "java_re" with MS VC++ 10.0 (VS2010)

time: Thu Mar 14 05:02:27 2019
timezone: China Standard Time
elapsed time: 11 seconds (0d 0h 0m 11s)

